11:08:45 - INFO - ----------------------------------------
11:08:45 - INFO - STEP: I open the Tools QA page
11:08:45 - INFO - ----------------------------------------
11:08:45 - INFO - STEP: browser "chrome"
11:08:47 - INFO - ----------------------------------------
11:08:47 - INFO - STEP: I set browser size to 1400x900
11:08:47 - INFO - Browser size has been changed to 1400x900
11:08:52 - INFO - Login page opened
11:08:53 - INFO - ----------------------------------------
11:08:53 - INFO - STEP: I complete the user name field with testing user name
11:08:54 - INFO - ----------------------------------------
11:08:54 - INFO - STEP: I complete the password field with testing user password
11:08:54 - INFO - ----------------------------------------
11:08:54 - INFO - STEP: I click the Login button
11:08:58 - INFO - ----------------------------------------
11:08:58 - INFO - STEP: I expand "Elements" menu
11:08:59 - INFO - ----------------------------------------
11:08:59 - INFO - STEP: I click "Text Box" option
11:09:00 - INFO - ----------------------------------------
11:09:00 - INFO - STEP: I see the "Text Box" page is displayed
11:09:00 - INFO - Current url is the text-box url
