15:04:54 - INFO - ----------------------------------------
15:04:54 - INFO - STEP: I open the Tools QA page
15:04:54 - INFO - ----------------------------------------
15:04:54 - INFO - STEP: browser "chrome"
15:04:55 - INFO - ----------------------------------------
15:04:55 - INFO - STEP: I set browser size to 1400x900
15:04:55 - INFO - Browser size has been changed to 1400x900
15:05:05 - INFO - Login page opened
15:05:05 - INFO - ----------------------------------------
15:05:05 - INFO - STEP: I complete the user name field with testing user name
15:05:06 - INFO - ----------------------------------------
15:05:06 - INFO - STEP: I complete the password field with testing user password
15:05:06 - INFO - ----------------------------------------
15:05:06 - INFO - STEP: I click the Login button
15:05:09 - INFO - ----------------------------------------
15:05:09 - INFO - STEP: I expand "Elements" menu
15:05:10 - INFO - ----------------------------------------
15:05:10 - INFO - STEP: I click "Text Box" option
15:05:10 - INFO - ----------------------------------------
15:05:10 - INFO - STEP: I see the "Text Box" page is displayed
15:05:10 - INFO - Current url is the text-box url
