11:08:20 - INFO - ----------------------------------------
11:08:20 - INFO - STEP: I open the Tools QA page
11:08:20 - INFO - ----------------------------------------
11:08:20 - INFO - STEP: browser "chrome"
11:08:23 - INFO - ----------------------------------------
11:08:23 - INFO - STEP: I set browser size to 1400x900
11:08:23 - INFO - Browser size has been changed to 1400x900
11:08:38 - INFO - Login page opened
11:08:38 - INFO - ----------------------------------------
11:08:38 - INFO - STEP: I complete the user name field with testing user name
11:08:39 - INFO - ----------------------------------------
11:08:39 - INFO - STEP: I complete the password field with testing user password
11:08:40 - INFO - ----------------------------------------
11:08:40 - INFO - STEP: I click the Login button
11:08:44 - INFO - ----------------------------------------
11:08:44 - INFO - STEP: I see the "profile" page is displayed
11:08:44 - INFO - Current url is the profile url
11:08:44 - INFO - ----------------------------------------
11:08:44 - INFO - STEP: I see the user name is displayed in the page
11:08:44 - INFO - User name displayed: 'aframe'
11:08:44 - INFO - User name is displayed in profile page
